2025-03-27 11:12:24,947 [INFO] Activator:176 - 


2025-03-27 11:12:24,949 [INFO] Activator:177 - !SESSION log4j initialized
2025-03-27 11:12:25,895 [ERROR] LogOutputStream:75 - [STDERR_REDIRECT] 
2025-03-27 11:12:27,580 [INFO] LogOutputStream:77 - [STDOUT_REDIRECT] 
2025-03-27 11:12:29,623 [INFO] ApplicationProperties:184 - Using Application install path: /Applications/STM32CubeIDE.app/Contents/Eclipse/plugins/com.st.stm32cube.common.mx_6.14.0.202502271554
2025-03-27 11:12:29,644 [INFO] DbMcusXml:78 - Set database path to: /Applications/STM32CubeIDE.app/Contents/Eclipse/plugins/com.st.stm32cube.common.mx_6.14.0.202502271554//db//mcu/
2025-03-27 11:12:29,645 [INFO] ApiDb:274 - Set plugin database path to: /Applications/STM32CubeIDE.app/Contents/Eclipse/plugins/com.st.stm32cube.common.mx_6.14.0.202502271554//db//plugins/boardmanager/
2025-03-27 11:12:29,645 [WARN] ApiDb:259 - Overriding images path with different value:  => /Applications/STM32CubeIDE.app/Contents/Eclipse/plugins/com.st.stm32cube.common.mx_6.14.0.202502271554//db//plugins/mcufinder/images/
2025-03-27 11:12:29,650 [INFO] ApiDb:250 - Set database path to: /Users/haileythill-turke/.stmcufinder/plugins/mcufinder//mcu/
2025-03-27 11:12:29,651 [INFO] DbMcusAds:125 - Set database path to: /Users/haileythill-turke/.stmcufinder/plugins/mcufinder//mcu/
2025-03-27 11:12:29,654 [INFO] CrossReferenceDbSqlite:203 - Set database path to: /Users/haileythill-turke/.stmcufinder/plugins/mcufinder//mcu/cs/
2025-03-27 11:12:29,826 [INFO] RulesReader:64 - Compatibility file has been processed (301 Rules)
2025-03-27 11:12:29,997 [INFO] DbMcusXml:78 - Set database path to: /Applications/STM32CubeIDE.app/Contents/Eclipse/plugins/com.st.stm32cube.common.mx_6.14.0.202502271554//db//mcu/
2025-03-27 11:12:29,998 [INFO] ApiDb:274 - Set plugin database path to: /Applications/STM32CubeIDE.app/Contents/Eclipse/plugins/com.st.stm32cube.common.mx_6.14.0.202502271554//db//plugins/boardmanager/
2025-03-27 11:12:29,998 [INFO] ApiDb:261 - Set plugin images path to: /Applications/STM32CubeIDE.app/Contents/Eclipse/plugins/com.st.stm32cube.common.mx_6.14.0.202502271554//db//plugins/mcufinder/images/
2025-03-27 11:12:29,998 [WARN] DbFile:41 - Overriding database path with different value: /Users/haileythill-turke/.stmcufinder/plugins/mcufinder/ => /Users/haileythill-turke/.stmcufinder/plugins/mcufinder
2025-03-27 11:12:29,998 [INFO] ApiDb:250 - Set database path to: /Users/haileythill-turke/.stmcufinder/plugins/mcufinder//mcu/
2025-03-27 11:12:29,998 [WARN] DbFile:41 - Overriding database path with different value: /Users/haileythill-turke/.stmcufinder/plugins/mcufinder/ => /Users/haileythill-turke/.stmcufinder/plugins/mcufinder
2025-03-27 11:12:29,999 [INFO] DbMcusAds:125 - Set database path to: /Users/haileythill-turke/.stmcufinder/plugins/mcufinder//mcu/
2025-03-27 11:12:29,999 [WARN] DbFile:41 - Overriding database path with different value: /Users/haileythill-turke/.stmcufinder/plugins/mcufinder/ => /Users/haileythill-turke/.stmcufinder/plugins/mcufinder
2025-03-27 11:12:29,999 [WARN] DbFile:41 - Overriding database path with different value: /Users/haileythill-turke/.stmcufinder/plugins/mcufinder/ => /Users/haileythill-turke/.stmcufinder/plugins/mcufinder
2025-03-27 11:12:29,999 [INFO] CrossReferenceDbSqlite:203 - Set database path to: /Users/haileythill-turke/.stmcufinder/plugins/mcufinder//mcu/cs/
2025-03-27 11:12:30,116 [INFO] MainPanel:272 - HeapMemory: 268435456
2025-03-27 11:12:31,171 [INFO] DbMcusXml:78 - Set database path to: /Applications/STM32CubeIDE.app/Contents/Eclipse/plugins/com.st.stm32cube.common.mx_6.14.0.202502271554//db//mcu/
2025-03-27 11:12:31,171 [INFO] ApiDb:274 - Set plugin database path to: /Applications/STM32CubeIDE.app/Contents/Eclipse/plugins/com.st.stm32cube.common.mx_6.14.0.202502271554//db//plugins/boardmanager/
2025-03-27 11:12:31,171 [INFO] ApiDb:261 - Set plugin images path to: /Applications/STM32CubeIDE.app/Contents/Eclipse/plugins/com.st.stm32cube.common.mx_6.14.0.202502271554//db//plugins/mcufinder/images/
2025-03-27 11:12:31,172 [WARN] DbFile:41 - Overriding database path with different value: /Users/haileythill-turke/.stmcufinder/plugins/mcufinder/ => /Users/haileythill-turke/.stmcufinder/plugins/mcufinder
2025-03-27 11:12:31,172 [INFO] ApiDb:250 - Set database path to: /Users/haileythill-turke/.stmcufinder/plugins/mcufinder//mcu/
2025-03-27 11:12:31,172 [WARN] DbFile:41 - Overriding database path with different value: /Users/haileythill-turke/.stmcufinder/plugins/mcufinder/ => /Users/haileythill-turke/.stmcufinder/plugins/mcufinder
2025-03-27 11:12:31,173 [INFO] DbMcusAds:125 - Set database path to: /Users/haileythill-turke/.stmcufinder/plugins/mcufinder//mcu/
2025-03-27 11:12:31,173 [WARN] DbFile:41 - Overriding database path with different value: /Users/haileythill-turke/.stmcufinder/plugins/mcufinder/ => /Users/haileythill-turke/.stmcufinder/plugins/mcufinder
2025-03-27 11:12:31,173 [WARN] DbFile:41 - Overriding database path with different value: /Users/haileythill-turke/.stmcufinder/plugins/mcufinder/ => /Users/haileythill-turke/.stmcufinder/plugins/mcufinder
2025-03-27 11:12:31,173 [INFO] CrossReferenceDbSqlite:203 - Set database path to: /Users/haileythill-turke/.stmcufinder/plugins/mcufinder//mcu/cs/
2025-03-27 11:12:31,194 [INFO] ApplicationProperties:184 - Using Application install path: /Applications/STM32CubeIDE.app/Contents/Eclipse/plugins/com.st.stm32cube.common.mx_6.14.0.202502271554
2025-03-27 11:12:31,196 [INFO] PluginManage:196 - Search for loadable plugins [exclusion list=, ]
2025-03-27 11:12:31,198 [INFO] PluginManage:310 - Check plugin analytics
2025-03-27 11:12:31,394 [INFO] AnalyticsPlugin:253 - Accepted Software Licenses: 
2025-03-27 11:12:31,394 [INFO] AnalyticsPlugin:255 - Accepted CMSIS Pack Licenses: 
2025-03-27 11:12:31,395 [INFO] AnalyticsPlugin:257 - Accepted Firmware Licenses: 
2025-03-27 11:12:31,398 [INFO] PluginManage:359 - Loaded plugin analytics (category:tool,tabindex:-1)
2025-03-27 11:12:31,398 [INFO] PluginManage:310 - Check plugin cadmodel
2025-03-27 11:12:31,404 [INFO] CADModel:105 - Init CAD model plugin
2025-03-27 11:12:31,404 [INFO] PluginManage:359 - Loaded plugin cadmodel (category:power,tabindex:5)
2025-03-27 11:12:31,405 [INFO] PluginManage:310 - Check plugin clock
2025-03-27 11:12:31,420 [INFO] PluginManage:359 - Loaded plugin clock (category:base,tabindex:2)
2025-03-27 11:12:31,420 [INFO] PluginManage:310 - Check plugin ddr
2025-03-27 11:12:31,428 [INFO] PluginManage:359 - Loaded plugin ddr (category:tool,tabindex:6)
2025-03-27 11:12:31,428 [INFO] PluginManage:310 - Check plugin filemanager
2025-03-27 11:12:31,664 [INFO] PluginManage:359 - Loaded plugin filemanager (category:base,tabindex:10)
2025-03-27 11:12:31,665 [INFO] PluginManage:310 - Check plugin ipmanager
2025-03-27 11:12:31,673 [INFO] PluginManage:359 - Loaded plugin ipmanager (category:base,tabindex:5)
2025-03-27 11:12:31,674 [INFO] PluginManage:310 - Check plugin lpbam
2025-03-27 11:12:31,691 [INFO] PluginManage:359 - Loaded plugin lpbam (category:base,tabindex:0)
2025-03-27 11:12:31,692 [INFO] PluginManage:310 - Check plugin memorymap
2025-03-27 11:12:31,730 [INFO] PluginManage:359 - Loaded plugin memorymap (category:base,tabindex:4)
2025-03-27 11:12:31,730 [INFO] PluginManage:310 - Check plugin pinoutandconfiguration
2025-03-27 11:12:31,744 [INFO] PluginManage:359 - Loaded plugin pinoutandconfiguration (category:base,tabindex:1)
2025-03-27 11:12:31,744 [INFO] PluginManage:310 - Check plugin pinoutconfig
2025-03-27 11:12:31,909 [WARN] SupportedApi:132 - Cannot load RTOS API schema: s4s-elt-must-match.1: The content of 'definitions' must match (annotation?, (simpleType | complexType)?, (unique | key | keyref)*)). A problem was found starting at: attribute.
2025-03-27 11:12:32,197 [INFO] PluginManage:359 - Loaded plugin pinoutconfig (category:base,tabindex:0)
2025-03-27 11:12:32,204 [INFO] PluginManage:310 - Check plugin power
2025-03-27 11:12:32,242 [INFO] PluginManage:359 - Loaded plugin power (category:power,tabindex:4)
2025-03-27 11:12:32,242 [INFO] PluginManage:310 - Check plugin projectmanager
2025-03-27 11:12:32,269 [INFO] PluginManage:359 - Loaded plugin projectmanager (category:projectmanager,tabindex:4)
2025-03-27 11:12:32,269 [INFO] PluginManage:310 - Check plugin rif
2025-03-27 11:12:32,288 [INFO] PluginManage:359 - Loaded plugin rif (category:base,tabindex:3)
2025-03-27 11:12:32,288 [INFO] PluginManage:310 - Check plugin thirdparty
2025-03-27 11:12:32,474 [INFO] PluginManage:359 - Loaded plugin thirdparty (category:base,tabindex:-1)
2025-03-27 11:12:32,474 [WARN] IntegrityCheckThread:84 - waiting for thirdparty lock release [integrity check]
2025-03-27 11:12:32,474 [INFO] PluginManage:310 - Check plugin tools
2025-03-27 11:12:32,474 [INFO] IntegrityCheckThread:86 - entering critical section [integrity check]
2025-03-27 11:12:32,474 [INFO] ThirdPartyUpdaterWithRetryManager:70 - Updater plugin not ready yet. [1/15]
2025-03-27 11:12:32,479 [INFO] PluginManage:359 - Loaded plugin tools (category:base,tabindex:7)
2025-03-27 11:12:32,479 [INFO] PluginManage:310 - Check plugin tutovideos
2025-03-27 11:12:32,714 [INFO] PluginManage:359 - Loaded plugin tutovideos (category:base,tabindex:-1)
2025-03-27 11:12:32,714 [INFO] PluginManage:310 - Check plugin updater
2025-03-27 11:12:32,755 [INFO] PluginManage:359 - Loaded plugin updater (category:base,tabindex:12)
2025-03-27 11:12:32,755 [INFO] PluginManage:310 - Check plugin userauth
2025-03-27 11:12:32,761 [INFO] UserAuth:118 - Init User Auth plugin
2025-03-27 11:12:32,763 [INFO] PluginManage:359 - Loaded plugin userauth (category:base,tabindex:14)
2025-03-27 11:12:32,764 [INFO] PluginManage:283 - PluginManage : Loaded plugins [18]
2025-03-27 11:12:33,030 [INFO] PinOutPanel:1589 - setPackage(No Configuration,No Configuration)
2025-03-27 11:12:33,152 [INFO] CADModel:165 - CPN selected for project level
2025-03-27 11:12:33,153 [INFO] CADModel:114 - Register for checkConnection events
2025-03-27 11:12:33,173 [INFO] IPUIPlugin:80 - create IPUIPlugin
2025-03-27 11:12:33,174 [INFO] PluginManager:220 - loadIPPluginJar : add mdma
2025-03-27 11:12:33,187 [INFO] IPUIPlugin:80 - create IPUIPlugin
2025-03-27 11:12:33,188 [INFO] PluginManager:220 - loadIPPluginJar : add freertos
2025-03-27 11:12:33,194 [INFO] IPUIPlugin:80 - create IPUIPlugin
2025-03-27 11:12:33,195 [INFO] PluginManager:220 - loadIPPluginJar : add gic
2025-03-27 11:12:33,209 [INFO] IPUIPlugin:80 - create IPUIPlugin
2025-03-27 11:12:33,210 [INFO] PluginManager:220 - loadIPPluginJar : add adc
2025-03-27 11:12:33,213 [INFO] IPUIPlugin:80 - create IPUIPlugin
2025-03-27 11:12:33,214 [INFO] PluginManager:220 - loadIPPluginJar : add gtzc
2025-03-27 11:12:33,215 [INFO] IPUIPlugin:80 - create IPUIPlugin
2025-03-27 11:12:33,216 [INFO] PluginManager:220 - loadIPPluginJar : add quadspi
2025-03-27 11:12:33,219 [INFO] IPUIPlugin:80 - create IPUIPlugin
2025-03-27 11:12:33,219 [INFO] PluginManager:220 - loadIPPluginJar : add aes
2025-03-27 11:12:33,223 [INFO] IPUIPlugin:80 - create IPUIPlugin
2025-03-27 11:12:33,223 [INFO] PluginManager:220 - loadIPPluginJar : add pdm2pcm
2025-03-27 11:12:33,226 [INFO] IPUIPlugin:80 - create IPUIPlugin
2025-03-27 11:12:33,226 [INFO] PluginManager:220 - loadIPPluginJar : add hash
2025-03-27 11:12:33,228 [INFO] IPUIPlugin:80 - create IPUIPlugin
2025-03-27 11:12:33,229 [INFO] PluginManager:220 - loadIPPluginJar : add tim
2025-03-27 11:12:33,231 [INFO] IPUIPlugin:80 - create IPUIPlugin
2025-03-27 11:12:33,231 [INFO] PluginManager:220 - loadIPPluginJar : add tsc
2025-03-27 11:12:33,234 [INFO] IPUIPlugin:80 - create IPUIPlugin
2025-03-27 11:12:33,235 [INFO] PluginManager:220 - loadIPPluginJar : add extmemmanager
2025-03-27 11:12:33,237 [INFO] IPUIPlugin:80 - create IPUIPlugin
2025-03-27 11:12:33,237 [INFO] PluginManager:220 - loadIPPluginJar : add ts
2025-03-27 11:12:33,239 [INFO] IPUIPlugin:80 - create IPUIPlugin
2025-03-27 11:12:33,240 [INFO] PluginManager:220 - loadIPPluginJar : add radio
2025-03-27 11:12:33,243 [INFO] IPUIPlugin:80 - create IPUIPlugin
2025-03-27 11:12:33,244 [INFO] PluginManager:220 - loadIPPluginJar : add can
2025-03-27 11:12:33,247 [INFO] IPUIPlugin:80 - create IPUIPlugin
2025-03-27 11:12:33,247 [INFO] PluginManager:220 - loadIPPluginJar : add dma3
2025-03-27 11:12:33,250 [INFO] IPUIPlugin:80 - create IPUIPlugin
2025-03-27 11:12:33,250 [INFO] PluginManager:220 - loadIPPluginJar : add dfsdm
2025-03-27 11:12:33,253 [INFO] IPUIPlugin:80 - create IPUIPlugin
2025-03-27 11:12:33,253 [INFO] PluginManager:220 - loadIPPluginJar : add spi
2025-03-27 11:12:33,257 [INFO] IPUIPlugin:80 - create IPUIPlugin
2025-03-27 11:12:33,257 [INFO] PluginManager:220 - loadIPPluginJar : add gfxmmu
2025-03-27 11:12:33,259 [INFO] IPUIPlugin:80 - create IPUIPlugin
2025-03-27 11:12:33,259 [INFO] PluginManager:220 - loadIPPluginJar : add genericplugin
2025-03-27 11:12:33,262 [INFO] IPUIPlugin:80 - create IPUIPlugin
2025-03-27 11:12:33,262 [INFO] PluginManager:220 - loadIPPluginJar : add cryp
2025-03-27 11:12:33,268 [INFO] IPUIPlugin:80 - create IPUIPlugin
2025-03-27 11:12:33,268 [INFO] PluginManager:220 - loadIPPluginJar : add gpio
2025-03-27 11:12:33,272 [INFO] IPUIPlugin:80 - create IPUIPlugin
2025-03-27 11:12:33,273 [INFO] PluginManager:220 - loadIPPluginJar : add ddr_ctrl_phy
2025-03-27 11:12:33,275 [INFO] IPUIPlugin:80 - create IPUIPlugin
2025-03-27 11:12:33,275 [INFO] PluginManager:220 - loadIPPluginJar : add comp
2025-03-27 11:12:33,278 [INFO] IPUIPlugin:80 - create IPUIPlugin
2025-03-27 11:12:33,278 [INFO] PluginManager:220 - loadIPPluginJar : add tracer_emb
2025-03-27 11:12:33,283 [INFO] IPUIPlugin:80 - create IPUIPlugin
2025-03-27 11:12:33,284 [INFO] PluginManager:220 - loadIPPluginJar : add openamp
2025-03-27 11:12:33,292 [INFO] IPUIPlugin:80 - create IPUIPlugin
2025-03-27 11:12:33,292 [INFO] PluginManager:220 - loadIPPluginJar : add stm32_wpan
2025-03-27 11:12:33,301 [INFO] IPUIPlugin:80 - create IPUIPlugin
2025-03-27 11:12:33,306 [INFO] PluginManager:220 - loadIPPluginJar : add plateformsettings
2025-03-27 11:12:33,312 [INFO] IPUIPlugin:80 - create IPUIPlugin
2025-03-27 11:12:33,312 [INFO] PluginManager:220 - loadIPPluginJar : add ipddr
2025-03-27 11:12:33,316 [INFO] IPUIPlugin:80 - create IPUIPlugin
2025-03-27 11:12:33,316 [INFO] PluginManager:220 - loadIPPluginJar : add usart
2025-03-27 11:12:33,320 [INFO] IPUIPlugin:80 - create IPUIPlugin
2025-03-27 11:12:33,320 [INFO] PluginManager:220 - loadIPPluginJar : add ltdc
2025-03-27 11:12:33,329 [INFO] IPUIPlugin:80 - create IPUIPlugin
2025-03-27 11:12:33,329 [INFO] PluginManager:220 - loadIPPluginJar : add nvic
2025-03-27 11:12:33,331 [INFO] IPUIPlugin:80 - create IPUIPlugin
2025-03-27 11:12:33,331 [INFO] PluginManager:220 - loadIPPluginJar : add fatfs
2025-03-27 11:12:33,342 [INFO] IPUIPlugin:80 - create IPUIPlugin
2025-03-27 11:12:33,342 [INFO] PluginManager:220 - loadIPPluginJar : add linkedlist
2025-03-27 11:12:33,349 [INFO] IPUIPlugin:80 - create IPUIPlugin
2025-03-27 11:12:33,349 [INFO] PluginManager:220 - loadIPPluginJar : add dma
2025-03-27 11:12:33,355 [INFO] IPUIPlugin:80 - create IPUIPlugin
2025-03-27 11:12:33,355 [INFO] PluginManager:220 - loadIPPluginJar : add fmc
2025-03-27 11:12:33,358 [INFO] IPUIPlugin:80 - create IPUIPlugin
2025-03-27 11:12:33,358 [INFO] PluginManager:220 - loadIPPluginJar : add i2s
2025-03-27 11:12:33,360 [INFO] IPUIPlugin:80 - create IPUIPlugin
2025-03-27 11:12:33,360 [INFO] PluginManager:220 - loadIPPluginJar : add ucpd
2025-03-27 11:12:33,363 [INFO] IPUIPlugin:80 - create IPUIPlugin
2025-03-27 11:12:33,363 [INFO] PluginManager:220 - loadIPPluginJar : add lorawan
2025-03-27 11:12:33,366 [INFO] IPUIPlugin:80 - create IPUIPlugin
2025-03-27 11:12:33,366 [INFO] PluginManager:220 - loadIPPluginJar : add opamp
2025-03-27 11:12:33,370 [INFO] IPUIPlugin:80 - create IPUIPlugin
2025-03-27 11:12:33,370 [INFO] PluginManager:220 - loadIPPluginJar : add i3c
2025-03-27 11:12:33,373 [INFO] IPUIPlugin:80 - create IPUIPlugin
2025-03-27 11:12:33,374 [INFO] PluginManager:220 - loadIPPluginJar : add touchsensing
2025-03-27 11:12:33,379 [INFO] IPUIPlugin:80 - create IPUIPlugin
2025-03-27 11:12:33,380 [INFO] PluginManager:220 - loadIPPluginJar : add i2c
2025-03-27 11:12:33,384 [INFO] IPUIPlugin:80 - create IPUIPlugin
2025-03-27 11:12:33,384 [INFO] PluginManager:220 - loadIPPluginJar : add resmgrutility
2025-03-27 11:12:33,388 [INFO] IPUIPlugin:80 - create IPUIPlugin
2025-03-27 11:12:33,388 [INFO] PluginManager:220 - loadIPPluginJar : add sai
2025-03-27 11:12:33,391 [INFO] IPUIPlugin:80 - create IPUIPlugin
2025-03-27 11:12:33,391 [INFO] PluginManager:220 - loadIPPluginJar : add usbx
2025-03-27 11:12:33,504 [FATAL] Updater:351 - Updater called before beeing initialized
2025-03-27 11:12:33,538 [INFO] RulesReader:64 - Compatibility file has been processed (301 Rules)
2025-03-27 11:12:33,550 [INFO] RulesReader:64 - Compatibility file has been processed (301 Rules)
2025-03-27 11:12:33,558 [INFO] CADModel:165 - CPN selected for project level
2025-03-27 11:12:33,558 [INFO] CADModel:114 - Register for checkConnection events
2025-03-27 11:12:33,558 [FATAL] Updater:351 - Updater called before beeing initialized
2025-03-27 11:12:33,558 [ERROR] CADModel:125 - Updater not yet initialized, retry later 
2025-03-27 11:12:33,788 [FATAL] Updater:351 - Updater called before beeing initialized
2025-03-27 11:12:33,791 [INFO] CADModel:165 - CPN selected for project level
2025-03-27 11:12:33,791 [INFO] CADModel:114 - Register for checkConnection events
2025-03-27 11:12:33,791 [FATAL] Updater:351 - Updater called before beeing initialized
2025-03-27 11:12:33,791 [ERROR] CADModel:125 - Updater not yet initialized, retry later 
2025-03-27 11:12:33,795 [FATAL] Updater:351 - Updater called before beeing initialized
2025-03-27 11:12:33,880 [FATAL] Updater:351 - Updater called before beeing initialized
2025-03-27 11:12:33,885 [INFO] DbMcusAds:53 - JSON generation date=Fri Mar 07 01:54:21 AEDT 2025 (1741272861825)
2025-03-27 11:12:33,885 [FATAL] Updater:351 - Updater called before beeing initialized
2025-03-27 11:12:33,950 [WARN] DetailPanel:346 - Failed to get advertising image, set to default
2025-03-27 11:12:34,261 [FATAL] Updater:351 - Updater called before beeing initialized
2025-03-27 11:12:34,263 [FATAL] Updater:351 - Updater called before beeing initialized
2025-03-27 11:12:34,263 [FATAL] Updater:351 - Updater called before beeing initialized
2025-03-27 11:12:34,263 [WARN] DetailPanel:346 - Failed to get advertising image, set to default
2025-03-27 11:12:34,264 [FATAL] Updater:351 - Updater called before beeing initialized
2025-03-27 11:12:34,298 [ERROR] Updater:1198 - MainUpdater not yet initialized. External WinMGr cannot be set.
2025-03-27 11:12:34,300 [INFO] Updater:1134 - Updater Version found : 6.14.0
2025-03-27 11:12:34,320 [INFO] ApplicationProperties:184 - Using Application install path: /Applications/STM32CubeIDE.app/Contents/Eclipse/plugins/com.st.stm32cube.common.mx_6.14.0.202502271554
2025-03-27 11:12:34,589 [INFO] MainUpdater:2872 - connection check result : 10
2025-03-27 11:12:34,590 [INFO] MainUpdater:289 - Updater Check For Update Now.
2025-03-27 11:12:34,590 [INFO] MicroXplorer:498 - Change Database Version : DB.6.0.140
2025-03-27 11:12:34,596 [INFO] McuFinderGlobals:63 - Set McuFinder mode to 2 (CubeIDE integrated)
2025-03-27 11:12:34,596 [INFO] UserAuth:171 - activating auth plugin
2025-03-27 11:12:34,599 [INFO] UserAuth:486 - Internet connection configuration mode: 1
2025-03-27 11:12:34,624 [INFO] JxBrowserEngine:152 - Initiate JxBrowser Engine with user profile folder
2025-03-27 11:12:34,784 [INFO] CheckServerUpdateThread:120 - End of CheckServer Thread
2025-03-27 11:12:35,709 [WARN] PackLoader:240 - Cannot read IP mode file for STMicroelectronics.FP-SNS-MOTENVWB1.1.4.0
2025-03-27 11:12:35,725 [WARN] PackLoader:240 - Cannot read IP mode file for STMicroelectronics.FP-ATR-ASTRA1.2.0.2
2025-03-27 11:12:35,735 [WARN] PackLoader:240 - Cannot read IP mode file for STMicroelectronics.X-CUBE-SMBUS.2.1.0
2025-03-27 11:12:35,744 [WARN] PackLoader:240 - Cannot read IP mode file for STMicroelectronics.X-CUBE-WB05N.1.1.0
2025-03-27 11:12:35,774 [WARN] PackLoader:240 - Cannot read IP mode file for STMicroelectronics.X-CUBE-AZRTOS-F7.1.1.0
2025-03-27 11:12:35,783 [WARN] PackLoader:240 - Cannot read IP mode file for STMicroelectronics.FP-SNS-FLIGHT1.5.0.2
2025-03-27 11:12:35,824 [WARN] PackLoader:240 - Cannot read IP mode file for Infineon.AIROC-Wi-Fi-Bluetooth-STM32.1.7.0
2025-03-27 11:12:35,840 [WARN] PackLoader:240 - Cannot read IP mode file for STMicroelectronics.X-CUBE-DISPLAY.3.0.0
2025-03-27 11:12:35,854 [WARN] PackLoader:240 - Cannot read IP mode file for STMicroelectronics.X-CUBE-BLE1.7.0.0
2025-03-27 11:12:35,863 [WARN] PackLoader:240 - Cannot read IP mode file for STMicroelectronics.X-CUBE-NFC10.1.0.0
2025-03-27 11:12:35,882 [WARN] PackLoader:240 - Cannot read IP mode file for STMicroelectronics.X-CUBE-BLEMGR.4.0.0
2025-03-27 11:12:35,893 [WARN] PackLoader:240 - Cannot read IP mode file for emotas.I-CUBE-CANOPEN.1.3.0
2025-03-27 11:12:35,898 [WARN] PackLoader:240 - Cannot read IP mode file for STMicroelectronics.X-CUBE-AI.10.0.0
2025-03-27 11:12:35,903 [WARN] PackLoader:240 - Cannot read IP mode file for STMicroelectronics.FP-SNS-SMARTAG2.1.2.0
2025-03-27 11:12:35,908 [WARN] PackLoader:240 - Cannot read IP mode file for STMicroelectronics.FP-SNS-FLIGHT1.5.1.0
2025-03-27 11:12:36,038 [WARN] PackLoader:240 - Cannot read IP mode file for STMicroelectronics.X-CUBE-MEMS1.11.1.0
2025-03-27 11:12:36,385 [INFO] LogOutputStream:77 - [STDOUT_REDIRECT] 1 : Invalid condition id : UX_CORESTACK_Condition cause : null
2025-03-27 11:12:36,387 [INFO] LogOutputStream:77 - [STDOUT_REDIRECT] 1 : Invalid condition id : UX_CORESTACK_Condition cause : null
2025-03-27 11:12:36,387 [INFO] LogOutputStream:77 - [STDOUT_REDIRECT] 1 : Invalid condition id : UX_CORESTACK_Condition cause : null
2025-03-27 11:12:36,388 [INFO] LogOutputStream:77 - [STDOUT_REDIRECT] 1 : Invalid condition id : UX_CORESTACK_Condition cause : null
2025-03-27 11:12:36,388 [INFO] LogOutputStream:77 - [STDOUT_REDIRECT] 1 : Invalid condition id : UX_CORESTACK_Condition cause : null
2025-03-27 11:12:36,401 [WARN] PackLoader:240 - Cannot read IP mode file for STMicroelectronics.X-CUBE-AZRTOS-WL.2.0.0
2025-03-27 11:12:36,475 [WARN] PackLoader:240 - Cannot read IP mode file for STMicroelectronics.FP-SNS-MOTENV1.5.0.0
2025-03-27 11:12:36,491 [WARN] PackLoader:240 - Cannot read IP mode file for WES.I-CUBE-Cesium.1.3.0
2025-03-27 11:12:36,500 [WARN] PackLoader:240 - Cannot read IP mode file for STMicroelectronics.X-CUBE-BLE2.3.3.0
2025-03-27 11:12:36,510 [WARN] PackLoader:240 - Cannot read IP mode file for STMicroelectronics.X-CUBE-NFC9.1.0.0
2025-03-27 11:12:36,526 [WARN] PackLoader:240 - Cannot read IP mode file for STMicroelectronics.X-CUBE-BLE1.7.1.0
2025-03-27 11:12:36,536 [WARN] PackLoader:240 - Cannot read IP mode file for wolfSSL.I-CUBE-wolfMQTT.1.19.2
2025-03-27 11:12:36,561 [WARN] PackLoader:240 - Cannot read IP mode file for STMicroelectronics.X-CUBE-AZRTOS-G0.1.1.0
2025-03-27 11:12:36,571 [WARN] PackLoader:240 - Cannot read IP mode file for STMicroelectronics.X-CUBE-SAFEA1.1.2.2
2025-03-27 11:12:36,585 [WARN] PackLoader:240 - Cannot read IP mode file for STMicroelectronics.X-CUBE-NFC4.3.0.0
2025-03-27 11:12:36,596 [WARN] PackLoader:240 - Cannot read IP mode file for EmbeddedOffice.I-CUBE-FS-RTOS.1.0.1
2025-03-27 11:12:36,600 [WARN] PackLoader:240 - Cannot read IP mode file for wolfSSL.I-CUBE-wolfTPM.3.8.0
2025-03-27 11:12:36,607 [WARN] PackLoader:240 - Cannot read IP mode file for STMicroelectronics.X-CUBE-TCPP.4.2.0
2025-03-27 11:12:36,613 [WARN] PackLoader:240 - Cannot read IP mode file for RealThread.X-CUBE-RT-Thread_Nano.4.1.1
2025-03-27 11:12:36,619 [WARN] PackLoader:240 - Cannot read IP mode file for STMicroelectronics.FP-ATR-SIGFOX1.3.2.0
2025-03-27 11:12:36,622 [WARN] ConditionMgr:438 - getConditionDescription Invalid condition id : Cortex-A Device cause : null
2025-03-27 11:12:36,631 [WARN] ConditionMgr:1044 - genDependencies : Invalid condition id : Cortex-A Device cause : null
2025-03-27 11:12:36,632 [WARN] ConditionMgr:1044 - genDependencies : Invalid condition id : Cortex-A Device cause : null
2025-03-27 11:12:36,632 [WARN] ConditionMgr:1044 - genDependencies : Invalid condition id : Cortex-A Device cause : null
2025-03-27 11:12:36,640 [WARN] PackLoader:240 - Cannot read IP mode file for STMicroelectronics.X-CUBE-EEPRMA1.5.1.0
2025-03-27 11:12:36,645 [WARN] PackLoader:240 - Cannot read IP mode file for wolfSSL.I-CUBE-wolfSSL.5.7.6
2025-03-27 11:12:36,651 [WARN] PackLoader:240 - Cannot read IP mode file for ITTIA_DB.I-CUBE-ITTIADB.8.9.0
2025-03-27 11:12:36,730 [WARN] PackLoader:240 - Cannot read IP mode file for SEGGER.I-CUBE-embOS.1.3.1
2025-03-27 11:12:36,868 [WARN] PackLoader:240 - Cannot read IP mode file for STMicroelectronics.X-CUBE-ALGOBUILD.1.4.0
2025-03-27 11:12:36,944 [WARN] PackLoader:240 - Cannot read IP mode file for STMicroelectronics.X-CUBE-AZRTOS-F4.1.1.0
2025-03-27 11:12:36,985 [WARN] PackLoader:240 - Cannot read IP mode file for STMicroelectronics.X-CUBE-ISPU.2.1.0
2025-03-27 11:12:37,066 [WARN] PackLoader:240 - Cannot read IP mode file for STMicroelectronics.X-CUBE-AZRTOS-L5.2.0.0
2025-03-27 11:12:37,137 [WARN] PackLoader:240 - Cannot read IP mode file for STMicroelectronics.X-CUBE-NFC6.3.1.0
2025-03-27 11:12:37,205 [WARN] PackLoader:240 - Cannot read IP mode file for STMicroelectronics.X-CUBE-DPower.1.2.0
2025-03-27 11:12:37,254 [INFO] WebApp:169 - Instantiating new browser for Auth
2025-03-27 11:12:37,292 [WARN] PackLoader:240 - Cannot read IP mode file for STMicroelectronics.X-CUBE-FREERTOS.1.3.0
2025-03-27 11:12:37,384 [WARN] PackLoader:240 - Cannot read IP mode file for STMicroelectronics.X-CUBE-NFC7.1.0.1
2025-03-27 11:12:37,478 [WARN] ConditionMgr:438 - getConditionDescription Invalid condition id : LAN8742 Phy interface Condition cause : null
2025-03-27 11:12:37,508 [WARN] PackLoader:240 - Cannot read IP mode file for STMicroelectronics.X-CUBE-AZRTOS-L4.2.0.0
2025-03-27 11:12:37,547 [WARN] ConditionMgr:1044 - genDependencies : Invalid condition id : LAN8742 Phy interface Condition cause : null
2025-03-27 11:12:37,586 [WARN] ConditionMgr:1044 - genDependencies : Invalid condition id : LAN8742 Phy interface Condition cause : null
2025-03-27 11:12:37,628 [WARN] ConditionMgr:1044 - genDependencies : Invalid condition id : LAN8742 Phy interface Condition cause : null
2025-03-27 11:12:37,718 [WARN] PackLoader:240 - Cannot read IP mode file for STMicroelectronics.X-CUBE-SFXS2LP1.4.0.0
2025-03-27 11:12:37,828 [WARN] PackLoader:240 - Cannot read IP mode file for STMicroelectronics.X-CUBE-AZRTOS-H7.3.3.0
2025-03-27 11:12:37,896 [WARN] ConditionMgr:438 - getConditionDescription Invalid condition id : UX DEVICE CLASS RTOS Condition cause : null
2025-03-27 11:12:37,922 [WARN] ConditionMgr:438 - getConditionDescription Invalid condition id : UX DEVICE CLASS RTOS Condition cause : null
2025-03-27 11:12:37,946 [WARN] PackLoader:240 - Cannot read IP mode file for STMicroelectronics.X-CUBE-AZRTOS-WB.2.0.0
2025-03-27 11:12:37,976 [WARN] ConditionMgr:1044 - genDependencies : Invalid condition id : UX DEVICE CLASS RTOS Condition cause : null
2025-03-27 11:12:38,009 [WARN] ConditionMgr:1044 - genDependencies : Invalid condition id : UX DEVICE CLASS RTOS Condition cause : null
2025-03-27 11:12:38,035 [WARN] ConditionMgr:1044 - genDependencies : Invalid condition id : UX DEVICE CLASS RTOS Condition cause : null
2025-03-27 11:12:38,058 [WARN] ConditionMgr:1044 - genDependencies : Invalid condition id : UX DEVICE CLASS RTOS Condition cause : null
2025-03-27 11:12:38,080 [WARN] ConditionMgr:1044 - genDependencies : Invalid condition id : UX DEVICE CLASS RTOS Condition cause : null
2025-03-27 11:12:38,172 [WARN] PackLoader:240 - Cannot read IP mode file for STMicroelectronics.X-CUBE-GNSS1.7.0.1
2025-03-27 11:12:38,251 [WARN] PackLoader:240 - Cannot read IP mode file for STMicroelectronics.X-CUBE-TOUCHGFX.4.25.0
2025-03-27 11:12:38,374 [WARN] PackLoader:240 - Cannot read IP mode file for STMicroelectronics.FP-SNS-STBOX1.2.0.0
2025-03-27 11:12:38,520 [WARN] PackLoader:240 - Cannot read IP mode file for STMicroelectronics.X-CUBE-SUBG2.5.0.0
2025-03-27 11:12:38,586 [WARN] PackLoader:240 - Cannot read IP mode file for STMicroelectronics.X-CUBE-AZRTOS-H7RS.1.1.0
2025-03-27 11:12:38,665 [WARN] PackLoader:240 - Cannot read IP mode file for Cesanta.I-CUBE-Mongoose.7.13.0
2025-03-27 11:12:38,704 [INFO] WebApp:463 - Apply proxy settings
2025-03-27 11:12:38,712 [INFO] WebApp:508 - Chromium authenticates against Manually configured proxy
2025-03-27 11:12:38,789 [WARN] PackLoader:240 - Cannot read IP mode file for STMicroelectronics.X-CUBE-AZRTOS-G4.2.0.0
2025-03-27 11:12:38,793 [INFO] WebApp:516 - Username used for proxy authentication: 
2025-03-27 11:12:38,890 [WARN] PackLoader:240 - Cannot read IP mode file for wolfSSL.I-CUBE-wolfSSH.1.4.20
2025-03-27 11:12:38,895 [INFO] WebApp:894 - Register for checkConnection events
2025-03-27 11:12:38,913 [INFO] WebApp:463 - Apply proxy settings
2025-03-27 11:12:38,942 [INFO] WebApp:508 - Chromium authenticates against Manually configured proxy
2025-03-27 11:12:38,957 [INFO] WebApp:516 - Username used for proxy authentication: 
2025-03-27 11:12:39,004 [WARN] PackLoader:240 - Cannot read IP mode file for STMicroelectronics.X-CUBE-IPS.3.1.0
2025-03-27 11:12:39,085 [WARN] PackLoader:240 - Cannot read IP mode file for STMicroelectronics.X-CUBE-ALS.1.0.2
2025-03-27 11:12:39,133 [WARN] PackLoader:240 - Cannot read IP mode file for STMicroelectronics.X-CUBE-TOUCHGFX.4.24.2
2025-03-27 11:12:39,244 [INFO] WebApp:225 - Starting web application
2025-03-27 11:12:39,256 [INFO] WebApp:593 - Web application path used /Applications/STM32CubeIDE.app/Contents/Eclipse/plugins/com.st.stm32cube.common.mx_6.14.0.202502271554/db/plugins/mcufinder/reactClient1/index.html
2025-03-27 11:12:39,257 [WARN] PackLoader:240 - Cannot read IP mode file for portGmbH.I-Cube-SoM-uGOAL.1.1.0
2025-03-27 11:12:39,350 [WARN] PackLoader:240 - Cannot read IP mode file for STMicroelectronics.X-CUBE-AZRTOS-H7RS.1.0.0
2025-03-27 11:12:39,498 [WARN] PackLoader:240 - Cannot read IP mode file for STMicroelectronics.X-CUBE-TOF1.3.4.2
2025-03-27 11:12:39,536 [INFO] ThirdParty:978 - Integrity check success = true
2025-03-27 11:12:39,594 [INFO] IntegrityCheckThread:100 - exiting critical section [integrity check]
2025-03-27 11:12:39,615 [INFO] IntegrityCheckThread:103 - End integrity checks thread
2025-03-27 11:12:40,021 [INFO] WebApp:191 - Connection restablished
